pokedex/app/build/intermediates/manifest_merge_blame_file/debug/manifest-merger-blame-debug-report.txt
1<?xml version="1.0" encoding="utf-8"?>
2<manifest xmlns:android="http://schemas.android.com/apk/res/android"
3    package="app.pokedex"
4    android:versionCode="1"
5    android:versionName="1.0" >
6
7    <uses-sdk
8        android:minSdkVersion="21"
8-->src/main/AndroidManifest.xml
9        android:targetSdkVersion="29" />
9-->src/main/AndroidManifest.xml
10
11    <!-- add permission to communicate with the internet -->
12    <uses-permission android:name="android.permission.INTERNET" />
12-->src/main/AndroidManifest.xml:25:5-67
12-->src/main/AndroidManifest.xml:25:22-64
13
14    <application
14-->src/main/AndroidManifest.xml:5:5-22:19
15        android:allowBackup="true"
15-->src/main/AndroidManifest.xml:6:9-35
16        android:appComponentFactory="androidx.core.app.CoreComponentFactory"
16-->[androidx.core:core:1.1.0] AndroidManifest.xml:24:18-86
17        android:debuggable="true"
18        android:icon="@mipmap/ic_launcher"
18-->src/main/AndroidManifest.xml:7:9-43
19        android:label="@string/app_name"
19-->src/main/AndroidManifest.xml:8:9-41
20        android:roundIcon="@mipmap/ic_launcher_round"
20-->src/main/AndroidManifest.xml:9:9-54
21        android:supportsRtl="true"
21-->src/main/AndroidManifest.xml:10:9-35
22        android:testOnly="true"
23        android:theme="@style/AppTheme" >
23-->src/main/AndroidManifest.xml:11:9-40
24        <activity android:name="app.pokedex.PokemonActivity" />
24-->src/main/AndroidManifest.xml:12:9-73
24-->src/main/AndroidManifest.xml:12:19-61
25        <activity android:name="app.pokedex.PokemonActivity$PokemonActivityActivity" />
25-->src/main/AndroidManifest.xml:13:9-97
25-->src/main/AndroidManifest.xml:13:19-85
26        <activity android:name="app.pokedex.PokedexAdapter$PokedexViewHolder$PokedexAdapterActivity" />
26-->src/main/AndroidManifest.xml:14:9-113
26-->src/main/AndroidManifest.xml:14:19-101
27        <!-- &lt;!&ndash; activity used in the app and what they are allowed to do &ndash;&gt; -->
28        <activity android:name="app.pokedex.MainActivity" >
28-->src/main/AndroidManifest.xml:16:9-21:20
28-->src/main/AndroidManifest.xml:16:19-58
29            <intent-filter>
29-->src/main/AndroidManifest.xml:17:13-20:29
30                <action android:name="android.intent.action.MAIN" />
30-->src/main/AndroidManifest.xml:18:17-69
30-->src/main/AndroidManifest.xml:18:25-66
31
32                <category android:name="android.intent.category.LAUNCHER" />
32-->src/main/AndroidManifest.xml:19:17-77
32-->src/main/AndroidManifest.xml:19:27-74
33            </intent-filter>
34        </activity>
35    </application>
36
37</manifest>